<?xml version="1.0" encoding="UTF-8"?>
<testng-results ignored="0" total="1" passed="0" failed="1" skipped="0">
  <reporter-output>
  </reporter-output>
  <suite started-at="2023-03-01T12:40:31 IST" name="Default suite" finished-at="2023-03-01T12:40:38 IST" duration-ms="7380">
    <groups>
    </groups>
    <test started-at="2023-03-01T12:40:31 IST" name="Default test" finished-at="2023-03-01T12:40:38 IST" duration-ms="7380">
      <class name="TestScript.SecondScript">
        <test-method is-config="true" signature="classConfiguration()[pri:0, instance:TestScript.SecondScript@7fa98a66]" started-at="2023-03-01T12:40:31 IST" name="classConfiguration" finished-at="2023-03-01T12:40:32 IST" duration-ms="1218" status="PASS">
          <reporter-output>
          </reporter-output>
        </test-method> <!-- classConfiguration -->
        <test-method is-config="true" signature="methodConfiguration()[pri:0, instance:TestScript.SecondScript@7fa98a66]" started-at="2023-03-01T12:40:32 IST" name="methodConfiguration" finished-at="2023-03-01T12:40:38 IST" duration-ms="5831" status="PASS">
          <reporter-output>
          </reporter-output>
        </test-method> <!-- methodConfiguration -->
        <test-method signature="SecondScript()[pri:0, instance:TestScript.SecondScript@7fa98a66]" started-at="2023-03-01T12:40:38 IST" name="SecondScript" finished-at="2023-03-01T12:40:38 IST" duration-ms="12" status="FAIL">
          <exception class="java.lang.Error">
            <message>
              <![CDATA[Unresolved compilation problem: 
The method scrollToElement(WebElement) in the type WebDriverUtility is not applicable for the arguments (void)
]]>
            </message>
            <full-stacktrace>
              <![CDATA[java.lang.Error: Unresolved compilation problem: 
The method scrollToElement(WebElement) in the type WebDriverUtility is not applicable for the arguments (void)

at TestScript.SecondScript.SecondScript(SecondScript.java:24)
at java.base/jdk.internal.reflect.DirectMethodHandleAccessor.invoke(DirectMethodHandleAccessor.java:104)
at java.base/java.lang.reflect.Method.invoke(Method.java:578)
at org.testng.internal.MethodInvocationHelper.invokeMethod(MethodInvocationHelper.java:133)
at org.testng.internal.TestInvoker.invokeMethod(TestInvoker.java:598)
at org.testng.internal.TestInvoker.invokeTestMethod(TestInvoker.java:173)
at org.testng.internal.MethodRunner.runInSequence(MethodRunner.java:46)
at org.testng.internal.TestInvoker$MethodInvocationAgent.invoke(TestInvoker.java:824)
at org.testng.internal.TestInvoker.invokeTestMethods(TestInvoker.java:146)
at org.testng.internal.TestMethodWorker.invokeTestMethods(TestMethodWorker.java:146)
at org.testng.internal.TestMethodWorker.run(TestMethodWorker.java:128)
at java.base/java.util.ArrayList.forEach(ArrayList.java:1511)
at org.testng.TestRunner.privateRun(TestRunner.java:794)
at org.testng.TestRunner.run(TestRunner.java:596)
at org.testng.SuiteRunner.runTest(SuiteRunner.java:377)
at org.testng.SuiteRunner.runSequentially(SuiteRunner.java:371)
at org.testng.SuiteRunner.privateRun(SuiteRunner.java:332)
at org.testng.SuiteRunner.run(SuiteRunner.java:276)
at org.testng.SuiteRunnerWorker.runSuite(SuiteRunnerWorker.java:53)
at org.testng.SuiteRunnerWorker.run(SuiteRunnerWorker.java:96)
at org.testng.TestNG.runSuitesSequentially(TestNG.java:1212)
at org.testng.TestNG.runSuitesLocally(TestNG.java:1134)
at org.testng.TestNG.runSuites(TestNG.java:1063)
at org.testng.TestNG.run(TestNG.java:1031)
at org.testng.remote.AbstractRemoteTestNG.run(AbstractRemoteTestNG.java:115)
at org.testng.remote.RemoteTestNG.initAndRun(RemoteTestNG.java:251)
at org.testng.remote.RemoteTestNG.main(RemoteTestNG.java:77)
]]>
            </full-stacktrace>
          </exception> <!-- java.lang.Error -->
          <reporter-output>
          </reporter-output>
        </test-method> <!-- SecondScript -->
        <test-method is-config="true" signature="methodTearDown()[pri:0, instance:TestScript.SecondScript@7fa98a66]" started-at="2023-03-01T12:40:38 IST" name="methodTearDown" finished-at="2023-03-01T12:40:38 IST" duration-ms="257" status="PASS">
          <reporter-output>
          </reporter-output>
        </test-method> <!-- methodTearDown -->
        <test-method is-config="true" signature="classTearDown()[pri:0, instance:TestScript.SecondScript@7fa98a66]" started-at="2023-03-01T12:40:38 IST" name="classTearDown" finished-at="2023-03-01T12:40:38 IST" duration-ms="0" status="PASS">
          <reporter-output>
          </reporter-output>
        </test-method> <!-- classTearDown -->
      </class> <!-- TestScript.SecondScript -->
    </test> <!-- Default test -->
  </suite> <!-- Default suite -->
</testng-results>
